<?xml version="1.0" encoding="UTF-8"?>
<testsuite xmlns:xsi="http://www.w3.org/2001/XMLSchema-instance" xsi:noNamespaceSchemaLocation="https://maven.apache.org/surefire/maven-surefire-plugin/xsd/surefire-test-report-3.0.xsd" version="3.0" name="com.example.coworkreserve.CoworkreserveApplicationTests" time="2.772" tests="1" errors="0" skipped="0" failures="0">
  <properties>
[...]
</properties>
  <testcase name="contextLoads" classname="com.example.coworkreserve.CoworkreserveApplicationTests" time="0.794">
    <system-out><![CDATA[00:25:28.549 [main] INFO org.springframework.test.context.support.AnnotationConfigContextLoaderUtils -- Could not detect default configuration classes for test class [com.example.coworkreserve.CoworkreserveApplicationTests]: CoworkreserveApplicationTests does not declare any static, non-private, non-final, nested classes annotated with @Configuration.
00:25:28.644 [main] INFO org.springframework.boot.test.context.SpringBootTestContextBootstrapper -- Found @SpringBootConfiguration com.example.coworkreserve.CoworkreserveApplication for test class com.example.coworkreserve.CoworkreserveApplicationTests

  .   ____          _            __ _ _
 /\\ / ___'_ __ _ _(_)_ __  __ _ \ \ \ \
( ( )\___ | '_ | '_| | '_ \/ _` | \ \ \ \
 \\/  ___)| |_)| | | | | || (_| |  ) ) ) )
  '  |____| .__|_| |_|_| |_\__, | / / / /
 =========|_|==============|___/=/_/_/_/

 :: Spring Boot ::                (v3.3.6)

2024-12-19T00:25:28.978+01:00  INFO 37590 --- [coworkreserve] [           main] c.e.c.CoworkreserveApplicationTests      : Starting CoworkreserveApplicationTests using Java 21.0.5 with PID 37590 (started by pablo in /home/pablo/Proyectos/CoworkReserve-API)
2024-12-19T00:25:28.979+01:00  INFO 37590 --- [coworkreserve] [           main] c.e.c.CoworkreserveApplicationTests      : No active profile set, falling back to 1 default profile: "default"
2024-12-19T00:25:30.354+01:00  INFO 37590 --- [coworkreserve] [           main] c.e.c.CoworkreserveApplicationTests      : Started CoworkreserveApplicationTests in 1.602 seconds (process running for 2.47)
]]></system-out>
    <system-err><![CDATA[WARNING: A Java agent has been loaded dynamically (/home/pablo/.m2/repository/net/bytebuddy/byte-buddy-agent/1.14.19/byte-buddy-agent-1.14.19.jar)
WARNING: If a serviceability tool is in use, please run with -XX:+EnableDynamicAgentLoading to hide this warning
WARNING: If a serviceability tool is not in use, please run with -Djdk.instrument.traceUsage for more information
WARNING: Dynamic loading of agents will be disallowed by default in a future release
]]></system-err>
  </testcase>
</testsuite>